TN:
SF:C:\projects\egeo.ui.base\src\providers\egeo.config.provider.js
FN:1,(anonymous_1)
FN:8,EgeoConfig
FN:11,(anonymous_3)
FN:15,(anonymous_4)
FN:19,(anonymous_5)
FNF:5
FNH:5
FNDA:1,(anonymous_1)
FNDA:2,EgeoConfig
FNDA:1,(anonymous_3)
FNDA:2,(anonymous_4)
FNDA:2,(anonymous_5)
DA:1,1
DA:4,1
DA:8,1
DA:9,2
DA:11,2
DA:12,1
DA:15,2
DA:16,2
DA:19,2
DA:20,2
LF:10
LH:10
BRF:0
BRH:0
end_of_record
TN:
SF:C:\projects\egeo.ui.base\src\factories\egeo.childrenClass.factory.js
FN:1,(anonymous_1)
FN:8,EgeoChildrenClass
FN:9,(anonymous_3)
FN:10,link
FN:11,(anonymous_5)
FNF:5
FNH:1
FNDA:1,(anonymous_1)
FNDA:0,EgeoChildrenClass
FNDA:0,(anonymous_3)
FNDA:0,link
FNDA:0,(anonymous_5)
DA:1,1
DA:4,1
DA:8,1
DA:9,0
DA:10,1
DA:11,0
DA:12,0
DA:16,0
LF:8
LH:4
BRF:0
BRH:0
end_of_record
TN:
SF:C:\projects\egeo.ui.base\src\components\button\components.button.directive.js
FN:1,(anonymous_1)
FN:10,egeoCButton
FNF:2
FNH:1
FNDA:1,(anonymous_1)
FNDA:0,egeoCButton
DA:1,1
DA:4,1
DA:8,1
DA:10,1
DA:11,0
DA:28,0
LF:6
LH:4
BRF:0
BRH:0
end_of_record
TN:
SF:C:\projects\egeo.ui.base\src\components\dropdown\components.dropdown.directive.js
FN:1,(anonymous_1)
FN:10,egeoCDropdown
FNF:2
FNH:1
FNDA:1,(anonymous_1)
FNDA:0,egeoCDropdown
DA:1,1
DA:4,1
DA:8,1
DA:10,1
DA:11,0
DA:20,0
LF:6
LH:4
BRF:0
BRH:0
end_of_record
TN:
SF:C:\projects\egeo.ui.base\src\components\row\components.row.directive.js
FN:1,(anonymous_1)
FN:10,egeoCRow
FNF:2
FNH:1
FNDA:1,(anonymous_1)
FNDA:0,egeoCRow
DA:1,1
DA:4,1
DA:8,1
DA:10,1
DA:11,0
DA:21,0
LF:6
LH:4
BRF:0
BRH:0
end_of_record
TN:
SF:C:\projects\egeo.ui.base\src\components\toolbar\components.toolbar.directive.js
FN:1,(anonymous_1)
FN:10,egeoCToolbar
FNF:2
FNH:1
FNDA:1,(anonymous_1)
FNDA:0,egeoCToolbar
DA:1,1
DA:4,1
DA:8,1
DA:10,1
DA:11,0
DA:20,0
LF:6
LH:4
BRF:0
BRH:0
end_of_record
