<?xml version="1.0"?>
<testsuite name="PhantomJS 1.9.8 (Windows 8 0.0.0)" package="" timestamp="2015-11-02T11:49:33" id="0" hostname="Alejandro-PC" tests="2" errors="0" failures="0" time="0.01">
  <properties>
    <property name="browser.fullName" value="Mozilla/5.0 (Windows NT 6.2; WOW64) AppleWebKit/534.34 (KHTML, like Gecko) PhantomJS/1.9.8 Safari/534.34"/>
  </properties>
  <testcase name="It should return the defined path with setEgeoPath" time="0.008" classname="PhantomJS_1_9_8_(Windows_8_0_0_0).providers.egeo.config"/>
  <testcase name="It should return the default config value of the Path where Egeo is installed" time="0.002" classname="PhantomJS_1_9_8_(Windows_8_0_0_0).providers.egeo.config"/>
  <system-out>
    <![CDATA[
]]>
  </system-out>
  <system-err/>
</testsuite>